[ 2017-01-16T15:34:12+08:00 ] 127.0.0.1 127.0.0.1 GET /AHalf/public/
[ log ] localhost/AHalf/public/ [运行时间：0.397569s][吞吐率：2.52req/s] [内存消耗：1,407.91kb] [文件加载：46]
[ info ] [ LANG ] E:\GratuateProject\phpStudy\WWW\AHalf\thinkphp\lang\zh-cn.php
[ info ] [ ROUTE ] array (
  'type' => 'module',
  'module' => 
  array (
    0 => '',
    1 => NULL,
    2 => NULL,
  ),
)
[ info ] [ HEADER ] array (
  'cookie' => 'PHPSESSID=r255r4g9kealhouc9p6qtqg0f7; YII_CSRF_TOKEN=7af59496996bc97794b15c01c43ea337cb60f27d',
  'accept-language' => 'zh-CN,zh;q=0.8',
  'accept-encoding' => 'gzip, deflate, sdch, br',
  'accept' => 'text/html,application/xhtml+xml,application/xml;q=0.9,image/webp,*/*;q=0.8',
  'user-agent' => 'Mozilla/5.0 (Windows NT 10.0; WOW64) AppleWebKit/537.36 (KHTML, like Gecko) Chrome/55.0.2883.87 Safari/537.36',
  'upgrade-insecure-requests' => '1',
  'connection' => 'keep-alive',
  'host' => 'localhost',
  'content-length' => '',
  'content-type' => '',
)
[ info ] [ PARAM ] array (
)
[ info ] [ RUN ] app\index\controller\Index->index[ E:\GratuateProject\phpStudy\WWW\AHalf\application\index\controller\Index.php ]
[ info ] [ VIEW ] E:\GratuateProject\phpStudy\WWW\AHalf\public/../application/index\view\index\homepage.html [ array (
) ]
[ info ] [ LOG ] INIT File

---------------------------------------------------------------
[ 2017-01-16T15:34:25+08:00 ] 127.0.0.1 127.0.0.1 GET /AHalf/public/index.php/index/index/index/
[ log ] localhost/AHalf/public/index.php/index/index/index/ [运行时间：0.046181s][吞吐率：21.65req/s] [内存消耗：1,269.84kb] [文件加载：44]
[ info ] [ LANG ] E:\GratuateProject\phpStudy\WWW\AHalf\thinkphp\lang\zh-cn.php
[ info ] [ ROUTE ] array (
  'type' => 'module',
  'module' => 
  array (
    0 => 'index',
    1 => 'index',
    2 => 'index',
  ),
)
[ info ] [ HEADER ] array (
  'cookie' => 'PHPSESSID=r255r4g9kealhouc9p6qtqg0f7; YII_CSRF_TOKEN=7af59496996bc97794b15c01c43ea337cb60f27d',
  'accept-language' => 'zh-CN,zh;q=0.8',
  'accept-encoding' => 'gzip, deflate, sdch, br',
  'referer' => 'http://localhost/AHalf/public/',
  'user-agent' => 'Mozilla/5.0 (Linux; Android 6.0; Nexus 5 Build/MRA58N) AppleWebKit/537.36 (KHTML, like Gecko) Chrome/55.0.2883.87 Mobile Safari/537.36',
  'x-requested-with' => 'XMLHttpRequest',
  'accept' => 'text/html, */*; q=0.01',
  'connection' => 'keep-alive',
  'host' => 'localhost',
  'content-length' => '',
  'content-type' => '',
)
[ info ] [ PARAM ] array (
)
[ info ] [ RUN ] app\index\controller\Index->index[ E:\GratuateProject\phpStudy\WWW\AHalf\application\index\controller\Index.php ]
[ info ] [ VIEW ] E:\GratuateProject\phpStudy\WWW\AHalf\public/../application/index\view\index\homepage.html [ array (
) ]
[ info ] [ LOG ] INIT File

---------------------------------------------------------------
[ 2017-01-16T15:34:26+08:00 ] 127.0.0.1 127.0.0.1 GET /AHalf/public/index.php/index/index/doubleJoin/
[ log ] localhost/AHalf/public/index.php/index/index/doubleJoin/ [运行时间：0.046599s][吞吐率：21.46req/s] [内存消耗：1,269.84kb] [文件加载：44]
[ info ] [ LANG ] E:\GratuateProject\phpStudy\WWW\AHalf\thinkphp\lang\zh-cn.php
[ info ] [ ROUTE ] array (
  'type' => 'module',
  'module' => 
  array (
    0 => 'index',
    1 => 'index',
    2 => 'doubleJoin',
  ),
)
[ info ] [ HEADER ] array (
  'cookie' => 'PHPSESSID=r255r4g9kealhouc9p6qtqg0f7; YII_CSRF_TOKEN=7af59496996bc97794b15c01c43ea337cb60f27d',
  'accept-language' => 'zh-CN,zh;q=0.8',
  'accept-encoding' => 'gzip, deflate, sdch, br',
  'referer' => 'http://localhost/AHalf/public/index.php/index/index/index/',
  'user-agent' => 'Mozilla/5.0 (Linux; Android 6.0; Nexus 5 Build/MRA58N) AppleWebKit/537.36 (KHTML, like Gecko) Chrome/55.0.2883.87 Mobile Safari/537.36',
  'x-requested-with' => 'XMLHttpRequest',
  'accept' => 'text/html, */*; q=0.01',
  'connection' => 'keep-alive',
  'host' => 'localhost',
  'content-length' => '',
  'content-type' => '',
)
[ info ] [ PARAM ] array (
)
[ info ] [ RUN ] app\index\controller\Index->doubleJoin[ E:\GratuateProject\phpStudy\WWW\AHalf\application\index\controller\Index.php ]
[ info ] [ VIEW ] E:\GratuateProject\phpStudy\WWW\AHalf\public/../application/index\view\index\doubleJoin.html [ array (
) ]
[ info ] [ LOG ] INIT File

---------------------------------------------------------------
[ 2017-01-16T15:35:04+08:00 ] 127.0.0.1 127.0.0.1 GET /AHalf/public/index.php/index/index/doubleJoin/
[ log ] localhost/AHalf/public/index.php/index/index/doubleJoin/ [运行时间：0.045423s][吞吐率：22.02req/s] [内存消耗：1,269.92kb] [文件加载：44]
[ info ] [ LANG ] E:\GratuateProject\phpStudy\WWW\AHalf\thinkphp\lang\zh-cn.php
[ info ] [ ROUTE ] array (
  'type' => 'module',
  'module' => 
  array (
    0 => 'index',
    1 => 'index',
    2 => 'doubleJoin',
  ),
)
[ info ] [ HEADER ] array (
  'cookie' => 'PHPSESSID=r255r4g9kealhouc9p6qtqg0f7; YII_CSRF_TOKEN=7af59496996bc97794b15c01c43ea337cb60f27d',
  'accept-language' => 'zh-CN,zh;q=0.8',
  'accept-encoding' => 'gzip, deflate, sdch, br',
  'accept' => 'text/html,application/xhtml+xml,application/xml;q=0.9,image/webp,*/*;q=0.8',
  'user-agent' => 'Mozilla/5.0 (Linux; Android 6.0; Nexus 5 Build/MRA58N) AppleWebKit/537.36 (KHTML, like Gecko) Chrome/55.0.2883.87 Mobile Safari/537.36',
  'upgrade-insecure-requests' => '1',
  'cache-control' => 'max-age=0',
  'connection' => 'keep-alive',
  'host' => 'localhost',
  'content-length' => '',
  'content-type' => '',
)
[ info ] [ PARAM ] array (
)
[ info ] [ RUN ] app\index\controller\Index->doubleJoin[ E:\GratuateProject\phpStudy\WWW\AHalf\application\index\controller\Index.php ]
[ info ] [ VIEW ] E:\GratuateProject\phpStudy\WWW\AHalf\public/../application/index\view\index\doubleJoin.html [ array (
) ]
[ info ] [ LOG ] INIT File

---------------------------------------------------------------
[ 2017-01-16T15:35:05+08:00 ] 127.0.0.1 127.0.0.1 GET /AHalf/public/index.php/index/index/doubleJoin/style.css
[ log ] localhost/AHalf/public/index.php/index/index/doubleJoin/style.css [运行时间：0.052717s][吞吐率：18.97req/s] [内存消耗：1,269.86kb] [文件加载：44]
[ info ] [ LANG ] E:\GratuateProject\phpStudy\WWW\AHalf\thinkphp\lang\zh-cn.php
[ info ] [ ROUTE ] array (
  'type' => 'module',
  'module' => 
  array (
    0 => 'index',
    1 => 'index',
    2 => 'doubleJoin',
  ),
)
[ info ] [ HEADER ] array (
  'cookie' => 'PHPSESSID=r255r4g9kealhouc9p6qtqg0f7; YII_CSRF_TOKEN=7af59496996bc97794b15c01c43ea337cb60f27d',
  'accept-language' => 'zh-CN,zh;q=0.8',
  'accept-encoding' => 'gzip, deflate, sdch, br',
  'referer' => 'http://localhost/AHalf/public/index.php/index/index/doubleJoin/',
  'accept' => 'text/css,*/*;q=0.1',
  'user-agent' => 'Mozilla/5.0 (Linux; Android 6.0; Nexus 5 Build/MRA58N) AppleWebKit/537.36 (KHTML, like Gecko) Chrome/55.0.2883.87 Mobile Safari/537.36',
  'connection' => 'keep-alive',
  'host' => 'localhost',
  'content-length' => '',
  'content-type' => '',
)
[ info ] [ PARAM ] array (
)
[ info ] [ RUN ] app\index\controller\Index->doubleJoin[ E:\GratuateProject\phpStudy\WWW\AHalf\application\index\controller\Index.php ]
[ info ] [ VIEW ] E:\GratuateProject\phpStudy\WWW\AHalf\public/../application/index\view\index\doubleJoin.html [ array (
) ]
[ info ] [ LOG ] INIT File

---------------------------------------------------------------
[ 2017-01-16T15:35:31+08:00 ] 127.0.0.1 127.0.0.1 GET /AHalf/public/index.php/index/index/takePhoto/
[ log ] localhost/AHalf/public/index.php/index/index/takePhoto/ [运行时间：0.040777s][吞吐率：24.52req/s] [内存消耗：1,269.91kb] [文件加载：44]
[ info ] [ LANG ] E:\GratuateProject\phpStudy\WWW\AHalf\thinkphp\lang\zh-cn.php
[ info ] [ ROUTE ] array (
  'type' => 'module',
  'module' => 
  array (
    0 => 'index',
    1 => 'index',
    2 => 'takePhoto',
  ),
)
[ info ] [ HEADER ] array (
  'cookie' => 'PHPSESSID=r255r4g9kealhouc9p6qtqg0f7; YII_CSRF_TOKEN=7af59496996bc97794b15c01c43ea337cb60f27d',
  'accept-language' => 'zh-CN,zh;q=0.8',
  'accept-encoding' => 'gzip, deflate, sdch, br',
  'referer' => 'http://localhost/AHalf/public/index.php/index/index/doubleJoin/',
  'user-agent' => 'Mozilla/5.0 (Linux; Android 6.0; Nexus 5 Build/MRA58N) AppleWebKit/537.36 (KHTML, like Gecko) Chrome/55.0.2883.87 Mobile Safari/537.36',
  'x-requested-with' => 'XMLHttpRequest',
  'accept' => 'text/html, */*; q=0.01',
  'connection' => 'keep-alive',
  'host' => 'localhost',
  'content-length' => '',
  'content-type' => '',
)
[ info ] [ PARAM ] array (
)
[ info ] [ RUN ] app\index\controller\Index->takePhoto[ E:\GratuateProject\phpStudy\WWW\AHalf\application\index\controller\Index.php ]
[ info ] [ VIEW ] E:\GratuateProject\phpStudy\WWW\AHalf\public/../application/index\view\index\takePhoto.html [ array (
) ]
[ info ] [ LOG ] INIT File

---------------------------------------------------------------
[ 2017-01-16T15:35:37+08:00 ] 127.0.0.1 127.0.0.1 GET /AHalf/public/index.php/index/index/myHome/
[ log ] localhost/AHalf/public/index.php/index/index/myHome/ [运行时间：0.038751s][吞吐率：25.81req/s] [内存消耗：1,269.84kb] [文件加载：44]
[ info ] [ LANG ] E:\GratuateProject\phpStudy\WWW\AHalf\thinkphp\lang\zh-cn.php
[ info ] [ ROUTE ] array (
  'type' => 'module',
  'module' => 
  array (
    0 => 'index',
    1 => 'index',
    2 => 'myHome',
  ),
)
[ info ] [ HEADER ] array (
  'cookie' => 'PHPSESSID=r255r4g9kealhouc9p6qtqg0f7; YII_CSRF_TOKEN=7af59496996bc97794b15c01c43ea337cb60f27d',
  'accept-language' => 'zh-CN,zh;q=0.8',
  'accept-encoding' => 'gzip, deflate, sdch, br',
  'referer' => 'http://localhost/AHalf/public/index.php/index/index/takePhoto/',
  'user-agent' => 'Mozilla/5.0 (Linux; Android 6.0; Nexus 5 Build/MRA58N) AppleWebKit/537.36 (KHTML, like Gecko) Chrome/55.0.2883.87 Mobile Safari/537.36',
  'x-requested-with' => 'XMLHttpRequest',
  'accept' => 'text/html, */*; q=0.01',
  'connection' => 'keep-alive',
  'host' => 'localhost',
  'content-length' => '',
  'content-type' => '',
)
[ info ] [ PARAM ] array (
)
[ info ] [ RUN ] app\index\controller\Index->myHome[ E:\GratuateProject\phpStudy\WWW\AHalf\application\index\controller\Index.php ]
[ info ] [ VIEW ] E:\GratuateProject\phpStudy\WWW\AHalf\public/../application/index\view\index\myHome.html [ array (
) ]
[ info ] [ LOG ] INIT File

---------------------------------------------------------------
[ 2017-01-16T15:35:40+08:00 ] 127.0.0.1 127.0.0.1 GET /AHalf/public/index.php/index/index/index/
[ log ] localhost/AHalf/public/index.php/index/index/index/ [运行时间：0.035657s][吞吐率：28.05req/s] [内存消耗：1,269.87kb] [文件加载：44]
[ info ] [ LANG ] E:\GratuateProject\phpStudy\WWW\AHalf\thinkphp\lang\zh-cn.php
[ info ] [ ROUTE ] array (
  'type' => 'module',
  'module' => 
  array (
    0 => 'index',
    1 => 'index',
    2 => 'index',
  ),
)
[ info ] [ HEADER ] array (
  'cookie' => 'PHPSESSID=r255r4g9kealhouc9p6qtqg0f7; YII_CSRF_TOKEN=7af59496996bc97794b15c01c43ea337cb60f27d',
  'accept-language' => 'zh-CN,zh;q=0.8',
  'accept-encoding' => 'gzip, deflate, sdch, br',
  'referer' => 'http://localhost/AHalf/public/index.php/index/index/myHome/',
  'user-agent' => 'Mozilla/5.0 (Linux; Android 6.0; Nexus 5 Build/MRA58N) AppleWebKit/537.36 (KHTML, like Gecko) Chrome/55.0.2883.87 Mobile Safari/537.36',
  'x-requested-with' => 'XMLHttpRequest',
  'accept' => 'text/html, */*; q=0.01',
  'connection' => 'keep-alive',
  'host' => 'localhost',
  'content-length' => '',
  'content-type' => '',
)
[ info ] [ PARAM ] array (
)
[ info ] [ RUN ] app\index\controller\Index->index[ E:\GratuateProject\phpStudy\WWW\AHalf\application\index\controller\Index.php ]
[ info ] [ VIEW ] E:\GratuateProject\phpStudy\WWW\AHalf\public/../application/index\view\index\homepage.html [ array (
) ]
[ info ] [ LOG ] INIT File

---------------------------------------------------------------
[ 2017-01-16T15:35:42+08:00 ] 127.0.0.1 127.0.0.1 GET /AHalf/public/index.php/index/photo/index/
[ log ] localhost/AHalf/public/index.php/index/photo/index/ [运行时间：0.045806s][吞吐率：21.83req/s] [内存消耗：1,267.72kb] [文件加载：44]
[ info ] [ LANG ] E:\GratuateProject\phpStudy\WWW\AHalf\thinkphp\lang\zh-cn.php
[ info ] [ ROUTE ] array (
  'type' => 'module',
  'module' => 
  array (
    0 => 'index',
    1 => 'photo',
    2 => 'index',
  ),
)
[ info ] [ HEADER ] array (
  'cookie' => 'PHPSESSID=r255r4g9kealhouc9p6qtqg0f7; YII_CSRF_TOKEN=7af59496996bc97794b15c01c43ea337cb60f27d',
  'accept-language' => 'zh-CN,zh;q=0.8',
  'accept-encoding' => 'gzip, deflate, sdch, br',
  'referer' => 'http://localhost/AHalf/public/index.php/index/index/index/',
  'user-agent' => 'Mozilla/5.0 (Linux; Android 6.0; Nexus 5 Build/MRA58N) AppleWebKit/537.36 (KHTML, like Gecko) Chrome/55.0.2883.87 Mobile Safari/537.36',
  'x-requested-with' => 'XMLHttpRequest',
  'accept' => 'text/html, */*; q=0.01',
  'connection' => 'keep-alive',
  'host' => 'localhost',
  'content-length' => '',
  'content-type' => '',
)
[ info ] [ PARAM ] array (
)
[ info ] [ RUN ] app\index\controller\Photo->index[ E:\GratuateProject\phpStudy\WWW\AHalf\application\index\controller\Photo.php ]
[ info ] [ VIEW ] E:\GratuateProject\phpStudy\WWW\AHalf\public/../application/index\view\photo\photoInformation.html [ array (
) ]
[ info ] [ LOG ] INIT File

---------------------------------------------------------------
[ 2017-01-16T15:35:46+08:00 ] 127.0.0.1 127.0.0.1 GET /AHalf/public/index.php/index/photo/singlePhoto/
[ log ] localhost/AHalf/public/index.php/index/photo/singlePhoto/ [运行时间：0.046246s][吞吐率：21.62req/s] [内存消耗：1,267.83kb] [文件加载：44]
[ info ] [ LANG ] E:\GratuateProject\phpStudy\WWW\AHalf\thinkphp\lang\zh-cn.php
[ info ] [ ROUTE ] array (
  'type' => 'module',
  'module' => 
  array (
    0 => 'index',
    1 => 'photo',
    2 => 'singlePhoto',
  ),
)
[ info ] [ HEADER ] array (
  'cookie' => 'PHPSESSID=r255r4g9kealhouc9p6qtqg0f7; YII_CSRF_TOKEN=7af59496996bc97794b15c01c43ea337cb60f27d',
  'accept-language' => 'zh-CN,zh;q=0.8',
  'accept-encoding' => 'gzip, deflate, sdch, br',
  'referer' => 'http://localhost/AHalf/public/index.php/index/index/doubleJoin/',
  'user-agent' => 'Mozilla/5.0 (Linux; Android 6.0; Nexus 5 Build/MRA58N) AppleWebKit/537.36 (KHTML, like Gecko) Chrome/55.0.2883.87 Mobile Safari/537.36',
  'x-requested-with' => 'XMLHttpRequest',
  'accept' => 'text/html, */*; q=0.01',
  'connection' => 'keep-alive',
  'host' => 'localhost',
  'content-length' => '',
  'content-type' => '',
)
[ info ] [ PARAM ] array (
)
[ info ] [ RUN ] app\index\controller\Photo->singlePhoto[ E:\GratuateProject\phpStudy\WWW\AHalf\application\index\controller\Photo.php ]
[ info ] [ VIEW ] E:\GratuateProject\phpStudy\WWW\AHalf\public/../application/index\view\photo\singleInformation.html [ array (
) ]
[ info ] [ LOG ] INIT File

---------------------------------------------------------------
[ 2017-01-16T15:43:09+08:00 ] 127.0.0.1 127.0.0.1 GET /AHalf/public/
[ log ] localhost/AHalf/public/ [运行时间：0.033262s][吞吐率：30.06req/s] [内存消耗：1,269.63kb] [文件加载：44]
[ info ] [ LANG ] E:\GratuateProject\phpStudy\WWW\AHalf\thinkphp\lang\zh-cn.php
[ info ] [ ROUTE ] array (
  'type' => 'module',
  'module' => 
  array (
    0 => '',
    1 => NULL,
    2 => NULL,
  ),
)
[ info ] [ HEADER ] array (
  'cookie' => 'PHPSESSID=r255r4g9kealhouc9p6qtqg0f7; YII_CSRF_TOKEN=7af59496996bc97794b15c01c43ea337cb60f27d',
  'accept-language' => 'zh-CN,zh;q=0.8',
  'accept-encoding' => 'gzip, deflate, sdch, br',
  'accept' => 'text/html,application/xhtml+xml,application/xml;q=0.9,image/webp,*/*;q=0.8',
  'user-agent' => 'Mozilla/5.0 (Windows NT 10.0; WOW64) AppleWebKit/537.36 (KHTML, like Gecko) Chrome/55.0.2883.87 Safari/537.36',
  'upgrade-insecure-requests' => '1',
  'connection' => 'keep-alive',
  'host' => 'localhost',
  'content-length' => '',
  'content-type' => '',
)
[ info ] [ PARAM ] array (
)
[ info ] [ RUN ] app\index\controller\Index->index[ E:\GratuateProject\phpStudy\WWW\AHalf\application\index\controller\Index.php ]
[ info ] [ VIEW ] E:\GratuateProject\phpStudy\WWW\AHalf\public/../application/index\view\index\homepage.html [ array (
) ]
[ info ] [ LOG ] INIT File

---------------------------------------------------------------
[ 2017-01-16T15:43:16+08:00 ] 127.0.0.1 127.0.0.1 GET /AHalf/public/index.php/index/index/myHome/
[ log ] localhost/AHalf/public/index.php/index/index/myHome/ [运行时间：0.036971s][吞吐率：27.05req/s] [内存消耗：1,269.84kb] [文件加载：44]
[ info ] [ LANG ] E:\GratuateProject\phpStudy\WWW\AHalf\thinkphp\lang\zh-cn.php
[ info ] [ ROUTE ] array (
  'type' => 'module',
  'module' => 
  array (
    0 => 'index',
    1 => 'index',
    2 => 'myHome',
  ),
)
[ info ] [ HEADER ] array (
  'cookie' => 'PHPSESSID=r255r4g9kealhouc9p6qtqg0f7; YII_CSRF_TOKEN=7af59496996bc97794b15c01c43ea337cb60f27d',
  'accept-language' => 'zh-CN,zh;q=0.8',
  'accept-encoding' => 'gzip, deflate, sdch, br',
  'referer' => 'http://localhost/AHalf/public/',
  'user-agent' => 'Mozilla/5.0 (Linux; Android 6.0; Nexus 5 Build/MRA58N) AppleWebKit/537.36 (KHTML, like Gecko) Chrome/55.0.2883.87 Mobile Safari/537.36',
  'x-requested-with' => 'XMLHttpRequest',
  'accept' => 'text/html, */*; q=0.01',
  'connection' => 'keep-alive',
  'host' => 'localhost',
  'content-length' => '',
  'content-type' => '',
)
[ info ] [ PARAM ] array (
)
[ info ] [ RUN ] app\index\controller\Index->myHome[ E:\GratuateProject\phpStudy\WWW\AHalf\application\index\controller\Index.php ]
[ info ] [ VIEW ] E:\GratuateProject\phpStudy\WWW\AHalf\public/../application/index\view\index\myHome.html [ array (
) ]
[ info ] [ LOG ] INIT File

---------------------------------------------------------------
[ 2017-01-16T15:43:18+08:00 ] 127.0.0.1 127.0.0.1 GET /AHalf/public/index.php/index/index/index/
[ log ] localhost/AHalf/public/index.php/index/index/index/ [运行时间：0.044870s][吞吐率：22.29req/s] [内存消耗：1,269.87kb] [文件加载：44]
[ info ] [ LANG ] E:\GratuateProject\phpStudy\WWW\AHalf\thinkphp\lang\zh-cn.php
[ info ] [ ROUTE ] array (
  'type' => 'module',
  'module' => 
  array (
    0 => 'index',
    1 => 'index',
    2 => 'index',
  ),
)
[ info ] [ HEADER ] array (
  'cookie' => 'PHPSESSID=r255r4g9kealhouc9p6qtqg0f7; YII_CSRF_TOKEN=7af59496996bc97794b15c01c43ea337cb60f27d',
  'accept-language' => 'zh-CN,zh;q=0.8',
  'accept-encoding' => 'gzip, deflate, sdch, br',
  'referer' => 'http://localhost/AHalf/public/index.php/index/index/myHome/',
  'user-agent' => 'Mozilla/5.0 (Linux; Android 6.0; Nexus 5 Build/MRA58N) AppleWebKit/537.36 (KHTML, like Gecko) Chrome/55.0.2883.87 Mobile Safari/537.36',
  'x-requested-with' => 'XMLHttpRequest',
  'accept' => 'text/html, */*; q=0.01',
  'connection' => 'keep-alive',
  'host' => 'localhost',
  'content-length' => '',
  'content-type' => '',
)
[ info ] [ PARAM ] array (
)
[ info ] [ RUN ] app\index\controller\Index->index[ E:\GratuateProject\phpStudy\WWW\AHalf\application\index\controller\Index.php ]
[ info ] [ VIEW ] E:\GratuateProject\phpStudy\WWW\AHalf\public/../application/index\view\index\homepage.html [ array (
) ]
[ info ] [ LOG ] INIT File

---------------------------------------------------------------
