[ 2017-02-04T11:08:50+08:00 ] 127.0.0.1 127.0.0.1 GET /AHalf/public/
[ log ] localhost/AHalf/public/ [运行时间：0.113589s][吞吐率：8.80req/s] [内存消耗：1,269.14kb] [文件加载：44]
[ info ] [ LANG ] E:\GratuateProject\phpStudy\WWW\AHalf\thinkphp\lang\zh-cn.php
[ info ] [ ROUTE ] array (
  'type' => 'module',
  'module' => 
  array (
    0 => '',
    1 => NULL,
    2 => NULL,
  ),
)
[ info ] [ HEADER ] array (
  'accept-language' => 'zh-CN,zh;q=0.8',
  'accept-encoding' => 'gzip, deflate, sdch, br',
  'accept' => 'text/html,application/xhtml+xml,application/xml;q=0.9,image/webp,*/*;q=0.8',
  'user-agent' => 'Mozilla/5.0 (Windows NT 10.0; WOW64) AppleWebKit/537.36 (KHTML, like Gecko) Chrome/55.0.2883.87 Safari/537.36',
  'upgrade-insecure-requests' => '1',
  'connection' => 'keep-alive',
  'host' => 'localhost',
  'content-length' => '',
  'content-type' => '',
)
[ info ] [ PARAM ] array (
)
[ info ] [ RUN ] app\index\controller\Index->index[ E:\GratuateProject\phpStudy\WWW\AHalf\application\index\controller\Index.php ]
[ info ] [ VIEW ] E:\GratuateProject\phpStudy\WWW\AHalf\public/../application/index\view\index\homepage.html [ array (
) ]
[ info ] [ LOG ] INIT File

---------------------------------------------------------------
[ 2017-02-04T11:09:06+08:00 ] 127.0.0.1 127.0.0.1 GET /AHalf/public/index.php/index/index/myHome/
[ log ] localhost/AHalf/public/index.php/index/index/myHome/ [运行时间：0.031785s][吞吐率：31.46req/s] [内存消耗：1,269.41kb] [文件加载：44]
[ info ] [ LANG ] E:\GratuateProject\phpStudy\WWW\AHalf\thinkphp\lang\zh-cn.php
[ info ] [ ROUTE ] array (
  'type' => 'module',
  'module' => 
  array (
    0 => 'index',
    1 => 'index',
    2 => 'myHome',
  ),
)
[ info ] [ HEADER ] array (
  'accept-language' => 'zh-CN,zh;q=0.8',
  'accept-encoding' => 'gzip, deflate, sdch, br',
  'referer' => 'http://localhost/AHalf/public/',
  'user-agent' => 'Mozilla/5.0 (Linux; Android 6.0; Nexus 5 Build/MRA58N) AppleWebKit/537.36 (KHTML, like Gecko) Chrome/55.0.2883.87 Mobile Safari/537.36',
  'x-requested-with' => 'XMLHttpRequest',
  'accept' => 'text/html, */*; q=0.01',
  'connection' => 'keep-alive',
  'host' => 'localhost',
  'content-length' => '',
  'content-type' => '',
)
[ info ] [ PARAM ] array (
)
[ info ] [ RUN ] app\index\controller\Index->myHome[ E:\GratuateProject\phpStudy\WWW\AHalf\application\index\controller\Index.php ]
[ info ] [ VIEW ] E:\GratuateProject\phpStudy\WWW\AHalf\public/../application/index\view\index\myHome.html [ array (
) ]
[ info ] [ LOG ] INIT File

---------------------------------------------------------------
