[ 2017-03-20T18:39:26+08:00 ] 127.0.0.1 127.0.0.1 GET /AHalf/public/
[ log ] localhost/AHalf/public/ [运行时间：0.712263s][吞吐率：1.40req/s] [内存消耗：1,259.89kb] [文件加载：43]
[ info ] [ LANG ] E:\GratuateProject\phpStudy\WWW\AHalf\thinkphp\lang\zh-cn.php
[ info ] [ ROUTE ] array (
  'type' => 'module',
  'module' => 
  array (
    0 => '',
    1 => NULL,
    2 => NULL,
  ),
)
[ info ] [ HEADER ] array (
  'accept-language' => 'zh-CN,zh;q=0.8',
  'accept-encoding' => 'gzip, deflate, sdch, br',
  'accept' => 'text/html,application/xhtml+xml,application/xml;q=0.9,image/webp,*/*;q=0.8',
  'user-agent' => 'Mozilla/5.0 (Windows NT 10.0; WOW64) AppleWebKit/537.36 (KHTML, like Gecko) Chrome/57.0.2987.98 Safari/537.36',
  'upgrade-insecure-requests' => '1',
  'connection' => 'keep-alive',
  'host' => 'localhost',
  'content-length' => '',
  'content-type' => '',
)
[ info ] [ PARAM ] array (
)
[ info ] [ RUN ] app\index\controller\Index->index[ E:\GratuateProject\phpStudy\WWW\AHalf\application\index\controller\Index.php ]
[ info ] [ VIEW ] E:\GratuateProject\phpStudy\WWW\AHalf\public/../application/index\view\index\index.html [ array (
) ]
[ info ] [ LOG ] INIT File

---------------------------------------------------------------
[ 2017-03-20T18:39:34+08:00 ] 127.0.0.1 127.0.0.1 GET /AHalf/public/index.php/index/index/home/
[ log ] localhost/AHalf/public/index.php/index/index/home/ [运行时间：0.334233s][吞吐率：2.99req/s] [内存消耗：1,791.69kb] [文件加载：51]
[ info ] [ LANG ] E:\GratuateProject\phpStudy\WWW\AHalf\thinkphp\lang\zh-cn.php
[ info ] [ ROUTE ] array (
  'type' => 'module',
  'module' => 
  array (
    0 => 'index',
    1 => 'index',
    2 => 'home',
  ),
)
[ info ] [ HEADER ] array (
  'accept-language' => 'zh-CN,zh;q=0.8',
  'accept-encoding' => 'gzip, deflate, sdch, br',
  'referer' => 'http://localhost/AHalf/public/',
  'accept' => 'text/html,application/xhtml+xml,application/xml;q=0.9,image/webp,*/*;q=0.8',
  'user-agent' => 'Mozilla/5.0 (Linux; Android 6.0; Nexus 5 Build/MRA58N) AppleWebKit/537.36 (KHTML, like Gecko) Chrome/57.0.2987.98 Mobile Safari/537.36',
  'upgrade-insecure-requests' => '1',
  'cache-control' => 'no-cache',
  'pragma' => 'no-cache',
  'connection' => 'keep-alive',
  'host' => 'localhost',
  'content-length' => '',
  'content-type' => '',
)
[ info ] [ PARAM ] array (
)
[ info ] [ RUN ] app\index\controller\Index->home[ E:\GratuateProject\phpStudy\WWW\AHalf\application\index\controller\Index.php ]
[ info ] [ DB ] INIT mysql
[ info ] [ VIEW ] E:\GratuateProject\phpStudy\WWW\AHalf\public/../application/index\view\index\homepage.html [ array (
  0 => 'hotdata',
) ]
[ info ] [ LOG ] INIT File
[ sql ] [ DB ] CONNECT:[ UseTime:0.027820s ] mysql:dbname=ahalf;host=127.0.0.1;charset=utf8
[ sql ] [ SQL ] SHOW COLUMNS FROM `doublejoin` [ RunTime:0.105237s ]
[ sql ] [ SQL ] SELECT `pid`,`pic`,`title`,`username1`,`headimg1`,`username2`,`headimg2` FROM `doublejoin`  [ RunTime:0.015043s ]

---------------------------------------------------------------
[ 2017-03-20T18:39:35+08:00 ] 127.0.0.1 127.0.0.1 GET /AHalf/public/index.php/index/index/home/style.css
[ log ] localhost/AHalf/public/index.php/index/index/home/style.css [运行时间：0.096677s][吞吐率：10.34req/s] [内存消耗：1,791.60kb] [文件加载：51]
[ info ] [ LANG ] E:\GratuateProject\phpStudy\WWW\AHalf\thinkphp\lang\zh-cn.php
[ info ] [ ROUTE ] array (
  'type' => 'module',
  'module' => 
  array (
    0 => 'index',
    1 => 'index',
    2 => 'home',
  ),
)
[ info ] [ HEADER ] array (
  'accept-language' => 'zh-CN,zh;q=0.8',
  'accept-encoding' => 'gzip, deflate, sdch, br',
  'referer' => 'http://localhost/AHalf/public/index.php/index/index/home/',
  'accept' => 'text/css,*/*;q=0.1',
  'user-agent' => 'Mozilla/5.0 (Linux; Android 6.0; Nexus 5 Build/MRA58N) AppleWebKit/537.36 (KHTML, like Gecko) Chrome/57.0.2987.98 Mobile Safari/537.36',
  'cache-control' => 'no-cache',
  'pragma' => 'no-cache',
  'connection' => 'keep-alive',
  'host' => 'localhost',
  'content-length' => '',
  'content-type' => '',
)
[ info ] [ PARAM ] array (
)
[ info ] [ RUN ] app\index\controller\Index->home[ E:\GratuateProject\phpStudy\WWW\AHalf\application\index\controller\Index.php ]
[ info ] [ DB ] INIT mysql
[ info ] [ VIEW ] E:\GratuateProject\phpStudy\WWW\AHalf\public/../application/index\view\index\homepage.html [ array (
  0 => 'hotdata',
) ]
[ info ] [ LOG ] INIT File
[ sql ] [ DB ] CONNECT:[ UseTime:0.001140s ] mysql:dbname=ahalf;host=127.0.0.1;charset=utf8
[ sql ] [ SQL ] SHOW COLUMNS FROM `doublejoin` [ RunTime:0.043354s ]
[ sql ] [ SQL ] SELECT `pid`,`pic`,`title`,`username1`,`headimg1`,`username2`,`headimg2` FROM `doublejoin`  [ RunTime:0.000732s ]

---------------------------------------------------------------
[ 2017-03-20T18:39:38+08:00 ] 127.0.0.1 127.0.0.1 GET /AHalf/public/index.php/index/index/takePhoto/
[ log ] localhost/AHalf/public/index.php/index/index/takePhoto/ [运行时间：0.111869s][吞吐率：8.94req/s] [内存消耗：1,271.66kb] [文件加载：44]
[ info ] [ LANG ] E:\GratuateProject\phpStudy\WWW\AHalf\thinkphp\lang\zh-cn.php
[ info ] [ ROUTE ] array (
  'type' => 'module',
  'module' => 
  array (
    0 => 'index',
    1 => 'index',
    2 => 'takePhoto',
  ),
)
[ info ] [ HEADER ] array (
  'accept-language' => 'zh-CN,zh;q=0.8',
  'accept-encoding' => 'gzip, deflate, sdch, br',
  'referer' => 'http://localhost/AHalf/public/index.php/index/index/home/',
  'user-agent' => 'Mozilla/5.0 (Linux; Android 6.0; Nexus 5 Build/MRA58N) AppleWebKit/537.36 (KHTML, like Gecko) Chrome/57.0.2987.98 Mobile Safari/537.36',
  'x-requested-with' => 'XMLHttpRequest',
  'accept' => 'text/html, */*; q=0.01',
  'cache-control' => 'no-cache',
  'pragma' => 'no-cache',
  'connection' => 'keep-alive',
  'host' => 'localhost',
  'content-length' => '',
  'content-type' => '',
)
[ info ] [ PARAM ] array (
)
[ info ] [ RUN ] app\index\controller\Index->takePhoto[ E:\GratuateProject\phpStudy\WWW\AHalf\application\index\controller\Index.php ]
[ info ] [ VIEW ] E:\GratuateProject\phpStudy\WWW\AHalf\public/../application/index\view\index\takePhoto.html [ array (
) ]
[ info ] [ LOG ] INIT File

---------------------------------------------------------------
